<?xml version="1.0" encoding="UTF-8"?>
<testng-results ignored="0" total="1" passed="1" failed="0" skipped="0">
  <reporter-output>
  </reporter-output>
  <suite started-at="2022-12-07T16:16:02Z" name="Suite" finished-at="2022-12-07T16:16:35Z" duration-ms="32810">
    <groups>
    </groups>
    <test started-at="2022-12-07T16:16:02Z" name="Test" finished-at="2022-12-07T16:16:35Z" duration-ms="32810">
      <class name="com.inetBanking.testCases.TC_NewCustomer_002">
        <test-method is-config="true" signature="setup(java.lang.String)[pri:0, instance:com.inetBanking.testCases.TC_NewCustomer_002@65b104b9]" started-at="2022-12-07T21:46:02Z" name="setup" finished-at="2022-12-07T21:46:10Z" duration-ms="7585" status="PASS">
          <params>
            <param index="0">
              <value>
                <![CDATA[chrome]]>
              </value>
            </param>
          </params>
          <reporter-output>
          </reporter-output>
        </test-method> <!-- setup -->
        <test-method signature="testNewCust()[pri:0, instance:com.inetBanking.testCases.TC_NewCustomer_002@65b104b9]" started-at="2022-12-07T21:46:10Z" name="testNewCust" finished-at="2022-12-07T21:46:34Z" duration-ms="24882" status="PASS">
          <reporter-output>
          </reporter-output>
        </test-method> <!-- testNewCust -->
        <test-method is-config="true" signature="tearDown()[pri:0, instance:com.inetBanking.testCases.TC_NewCustomer_002@65b104b9]" started-at="2022-12-07T21:46:34Z" name="tearDown" finished-at="2022-12-07T21:46:35Z" duration-ms="192" status="PASS">
          <reporter-output>
          </reporter-output>
        </test-method> <!-- tearDown -->
      </class> <!-- com.inetBanking.testCases.TC_NewCustomer_002 -->
    </test> <!-- Test -->
  </suite> <!-- Suite -->
</testng-results>
